<?xml version="1.0" encoding="UTF-8"?>
<testng-results skipped="0" failed="0" ignored="0" total="1" passed="1">
  <reporter-output>
  </reporter-output>
  <suite name="Suite" duration-ms="102948" started-at="2020-02-16T19:43:39 IST" finished-at="2020-02-16T19:45:22 IST">
    <groups>
    </groups>
    <test name="Test" duration-ms="102948" started-at="2020-02-16T19:43:39 IST" finished-at="2020-02-16T19:45:22 IST">
      <class name="com.qa.tests.SigUpTests">
        <test-method status="PASS" signature="beforeTest(java.lang.String, java.lang.String, java.lang.String)[pri:0, instance:com.qa.tests.SigUpTests@103f852]" name="beforeTest" is-config="true" duration-ms="63334" started-at="2020-02-16T19:43:39 IST" finished-at="2020-02-16T19:44:42 IST">
          <params>
            <param index="0">
              <value>
                <![CDATA[Android]]>
              </value>
            </param>
            <param index="1">
              <value>
                <![CDATA[8.0]]>
              </value>
            </param>
            <param index="2">
              <value>
                <![CDATA[Android Emulator]]>
              </value>
            </param>
          </params>
          <reporter-output>
          </reporter-output>
        </test-method> <!-- beforeTest -->
        <test-method status="PASS" signature="beforeClass()[pri:0, instance:com.qa.tests.SigUpTests@103f852]" name="beforeClass" is-config="true" duration-ms="6" started-at="2020-02-16T19:44:42 IST" finished-at="2020-02-16T19:44:42 IST">
          <reporter-output>
          </reporter-output>
        </test-method> <!-- beforeClass -->
        <test-method status="PASS" signature="beforeMethod(java.lang.reflect.Method)[pri:0, instance:com.qa.tests.SigUpTests@103f852]" name="beforeMethod" is-config="true" duration-ms="286" started-at="2020-02-16T19:44:42 IST" finished-at="2020-02-16T19:44:43 IST">
          <params>
            <param index="0">
              <value>
                <![CDATA[public void com.qa.tests.SigUpTests.checkSignUpButton()]]>
              </value>
            </param>
          </params>
          <reporter-output>
          </reporter-output>
        </test-method> <!-- beforeMethod -->
        <test-method status="PASS" signature="checkSignUpButton()[pri:0, instance:com.qa.tests.SigUpTests@103f852]" name="checkSignUpButton" duration-ms="38839" started-at="2020-02-16T19:44:43 IST" finished-at="2020-02-16T19:45:21 IST">
          <reporter-output>
          </reporter-output>
        </test-method> <!-- checkSignUpButton -->
        <test-method status="PASS" signature="afterMethod()[pri:0, instance:com.qa.tests.SigUpTests@103f852]" name="afterMethod" is-config="true" duration-ms="0" started-at="2020-02-16T19:45:21 IST" finished-at="2020-02-16T19:45:21 IST">
          <reporter-output>
          </reporter-output>
        </test-method> <!-- afterMethod -->
        <test-method status="PASS" signature="afterClass()[pri:0, instance:com.qa.tests.SigUpTests@103f852]" name="afterClass" is-config="true" duration-ms="1" started-at="2020-02-16T19:45:21 IST" finished-at="2020-02-16T19:45:21 IST">
          <reporter-output>
          </reporter-output>
        </test-method> <!-- afterClass -->
        <test-method status="PASS" signature="afterTest()[pri:0, instance:com.qa.tests.SigUpTests@103f852]" name="afterTest" is-config="true" duration-ms="423" started-at="2020-02-16T19:45:21 IST" finished-at="2020-02-16T19:45:22 IST">
          <reporter-output>
          </reporter-output>
        </test-method> <!-- afterTest -->
      </class> <!-- com.qa.tests.SigUpTests -->
    </test> <!-- Test -->
  </suite> <!-- Suite -->
</testng-results>
